  design.cpp
C:\boost\boost_1_77_0\boost\geometry\formulas\karney_inverse.hpp(1,1): warning C4819: 檔案含有無法在目前字碼頁 (950) 中表示的字元。請以 Unicode 格式儲存檔案以防止資料遺失
C:\boost\boost_1_77_0\boost\geometry\formulas\area_formulas.hpp(1,1): warning C4819: 檔案含有無法在目前字碼頁 (950) 中表示的字元。請以 Unicode 格式儲存檔案以防止資料遺失
C:\boost\boost_1_77_0\boost\geometry\formulas\vertex_latitude.hpp(1,1): warning C4819: 檔案含有無法在目前字碼頁 (950) 中表示的字元。請以 Unicode 格式儲存檔案以防止資料遺失
C:\boost\boost_1_77_0\boost\geometry\strategy\geographic\area.hpp(1,1): warning C4819: 檔案含有無法在目前字碼頁 (950) 中表示的字元。請以 Unicode 格式儲存檔案以防止資料遺失
C:\Users\cnctu\source\repos\VPResearch\VPReserach\Header\pin.h(79,40): warning C4244: '引數': 將 'double' 轉換為 'const CoordinateType'，由於類型不同，可能導致資料遺失
          with
          [
              CoordinateType=float
          ]
C:\Users\cnctu\source\repos\VPResearch\VPReserach\Header\pin.h(79,25): warning C4244: '引數': 將 'double' 轉換為 'const CoordinateType'，由於類型不同，可能導致資料遺失
          with
          [
              CoordinateType=float
          ]
C:\Users\cnctu\source\repos\VPResearch\VPReserach\Header\pin.h(79,77): warning C4244: '引數': 將 'double' 轉換為 'const CoordinateType'，由於類型不同，可能導致資料遺失
          with
          [
              CoordinateType=float
          ]
C:\Users\cnctu\source\repos\VPResearch\VPReserach\Header\pin.h(79,62): warning C4244: '引數': 將 'double' 轉換為 'const CoordinateType'，由於類型不同，可能導致資料遺失
          with
          [
              CoordinateType=float
          ]
C:\Users\cnctu\source\repos\VPResearch\VPReserach\Header\pin.h(82,51): warning C4244: '引數': 將 'double' 轉換為 'const CoordinateType'，由於類型不同，可能導致資料遺失
          with
          [
              CoordinateType=float
          ]
C:\Users\cnctu\source\repos\VPResearch\VPReserach\Header\pin.h(82,33): warning C4244: '引數': 將 'double' 轉換為 'const CoordinateType'，由於類型不同，可能導致資料遺失
          with
          [
              CoordinateType=float
          ]
C:\Users\cnctu\source\repos\VPResearch\VPReserach\Header\pin.h(82,96): warning C4244: '引數': 將 'double' 轉換為 'const CoordinateType'，由於類型不同，可能導致資料遺失
          with
          [
              CoordinateType=float
          ]
C:\Users\cnctu\source\repos\VPResearch\VPReserach\Header\pin.h(82,77): warning C4244: '引數': 將 'double' 轉換為 'const CoordinateType'，由於類型不同，可能導致資料遺失
          with
          [
              CoordinateType=float
          ]
C:\Users\cnctu\source\repos\VPResearch\VPReserach\Header\pin.h(91,84): warning C4244: '引數': 將 'double' 轉換為 'const CoordinateType'，由於類型不同，可能導致資料遺失
          with
          [
              CoordinateType=float
          ]
C:\Users\cnctu\source\repos\VPResearch\VPReserach\Header\pin.h(91,45): warning C4244: '引數': 將 'double' 轉換為 'const CoordinateType'，由於類型不同，可能導致資料遺失
          with
          [
              CoordinateType=float
          ]
C:\Users\cnctu\source\repos\VPResearch\VPReserach\Header\pin.h(118,21): warning C4018: '<': signed/unsigned 不相符
C:\Users\cnctu\source\repos\VPResearch\VPReserach\Header\cell.h(59,21): warning C4018: '<': signed/unsigned 不相符
C:\Users\cnctu\source\repos\VPResearch\VPReserach\Header\cell.h(60,88): warning C4244: '引數': 將 'double' 轉換為 'const CoordinateType'，由於類型不同，可能導致資料遺失
          with
          [
              CoordinateType=float
          ]
C:\Users\cnctu\source\repos\VPResearch\VPReserach\Header\cell.h(61,88): warning C4244: '引數': 將 'double' 轉換為 'const CoordinateType'，由於類型不同，可能導致資料遺失
          with
          [
              CoordinateType=float
          ]
C:\Users\cnctu\source\repos\VPResearch\VPReserach\Header\cell.h(62,87): warning C4244: '引數': 將 'double' 轉換為 'const CoordinateType'，由於類型不同，可能導致資料遺失
          with
          [
              CoordinateType=float
          ]
C:\Users\cnctu\source\repos\VPResearch\VPReserach\Header\cell.h(63,88): warning C4244: '引數': 將 'double' 轉換為 'const CoordinateType'，由於類型不同，可能導致資料遺失
          with
          [
              CoordinateType=float
          ]
C:\Users\cnctu\source\repos\VPResearch\VPReserach\Header\cell.h(68,21): warning C4018: '<': signed/unsigned 不相符
C:\Users\cnctu\source\repos\VPResearch\VPReserach\Header\cell.h(69,88): warning C4244: '引數': 將 'double' 轉換為 'const CoordinateType'，由於類型不同，可能導致資料遺失
          with
          [
              CoordinateType=float
          ]
C:\Users\cnctu\source\repos\VPResearch\VPReserach\Header\cell.h(70,88): warning C4244: '引數': 將 'double' 轉換為 'const CoordinateType'，由於類型不同，可能導致資料遺失
          with
          [
              CoordinateType=float
          ]
C:\Users\cnctu\source\repos\VPResearch\VPReserach\Header\cell.h(71,88): warning C4244: '引數': 將 'double' 轉換為 'const CoordinateType'，由於類型不同，可能導致資料遺失
          with
          [
              CoordinateType=float
          ]
C:\Users\cnctu\source\repos\VPResearch\VPReserach\Header\cell.h(72,88): warning C4244: '引數': 將 'double' 轉換為 'const CoordinateType'，由於類型不同，可能導致資料遺失
          with
          [
              CoordinateType=float
          ]
C:\Users\cnctu\source\repos\VPResearch\VPReserach\Header\cell_type.h(15,21): warning C4018: '<': signed/unsigned 不相符
C:\Users\cnctu\source\repos\VPResearch\VPReserach\Cpp\design.cpp(365,20): warning C4018: '<': signed/unsigned 不相符
C:\Users\cnctu\source\repos\VPResearch\VPReserach\Cpp\design.cpp(381,20): warning C4018: '<': signed/unsigned 不相符
C:\Users\cnctu\source\repos\VPResearch\VPReserach\Cpp\design.cpp(516,20): warning C4018: '<': signed/unsigned 不相符
C:\Users\cnctu\source\repos\VPResearch\VPReserach\Cpp\design.cpp(525,21): warning C4018: '<': signed/unsigned 不相符
C:\Users\cnctu\source\repos\VPResearch\VPReserach\Cpp\design.cpp(844,20): warning C4244: '正在初始化': 將 'double' 轉換為 'int'，由於類型不同，可能導致資料遺失
C:\Users\cnctu\source\repos\VPResearch\VPReserach\Cpp\design.cpp(897,23): warning C4244: '=': 將 'double' 轉換為 'int'，由於類型不同，可能導致資料遺失
C:\Users\cnctu\source\repos\VPResearch\VPReserach\Cpp\design.cpp(904,23): warning C4018: '<': signed/unsigned 不相符
C:\Users\cnctu\source\repos\VPResearch\VPReserach\Cpp\design.cpp(949,59): warning C4244: '引數': 將 'double' 轉換為 'const CoordinateType'，由於類型不同，可能導致資料遺失
          with
          [
              CoordinateType=float
          ]
C:\Users\cnctu\source\repos\VPResearch\VPReserach\Cpp\design.cpp(949,41): warning C4244: '引數': 將 'double' 轉換為 'const CoordinateType'，由於類型不同，可能導致資料遺失
          with
          [
              CoordinateType=float
          ]
C:\Users\cnctu\source\repos\VPResearch\VPReserach\Cpp\design.cpp(950,94): warning C4244: '引數': 將 'double' 轉換為 'const CoordinateType'，由於類型不同，可能導致資料遺失
          with
          [
              CoordinateType=float
          ]
C:\Users\cnctu\source\repos\VPResearch\VPReserach\Cpp\design.cpp(950,51): warning C4244: '引數': 將 'double' 轉換為 'const CoordinateType'，由於類型不同，可能導致資料遺失
          with
          [
              CoordinateType=float
          ]
C:\Users\cnctu\source\repos\VPResearch\VPReserach\Cpp\design.cpp(989,24): warning C4018: '<': signed/unsigned 不相符
C:\Users\cnctu\source\repos\VPResearch\VPReserach\Cpp\design.cpp(1042,23): warning C4018: '<': signed/unsigned 不相符
C:\Users\cnctu\source\repos\VPResearch\VPReserach\Cpp\design.cpp(1119,23): warning C4018: '<': signed/unsigned 不相符
C:\Users\cnctu\source\repos\VPResearch\VPReserach\Cpp\design.cpp(1137,22): warning C4018: '<': signed/unsigned 不相符
C:\Users\cnctu\source\repos\VPResearch\VPReserach\Cpp\design.cpp(1143,84): warning C4244: '引數': 將 'double' 轉換為 'const CoordinateType'，由於類型不同，可能導致資料遺失
          with
          [
              CoordinateType=float
          ]
C:\Users\cnctu\source\repos\VPResearch\VPReserach\Cpp\design.cpp(1143,56): warning C4244: '引數': 將 'double' 轉換為 'const CoordinateType'，由於類型不同，可能導致資料遺失
          with
          [
              CoordinateType=float
          ]
C:\Users\cnctu\source\repos\VPResearch\VPReserach\Cpp\design.cpp(1148,88): warning C4244: '引數': 將 'double' 轉換為 'const CoordinateType'，由於類型不同，可能導致資料遺失
          with
          [
              CoordinateType=float
          ]
C:\Users\cnctu\source\repos\VPResearch\VPReserach\Cpp\design.cpp(1148,54): warning C4244: '引數': 將 'double' 轉換為 'const CoordinateType'，由於類型不同，可能導致資料遺失
          with
          [
              CoordinateType=float
          ]
C:\Users\cnctu\source\repos\VPResearch\VPReserach\Cpp\design.cpp(1153,82): warning C4244: '引數': 將 'double' 轉換為 'const CoordinateType'，由於類型不同，可能導致資料遺失
          with
          [
              CoordinateType=float
          ]
C:\Users\cnctu\source\repos\VPResearch\VPReserach\Cpp\design.cpp(1153,54): warning C4244: '引數': 將 'double' 轉換為 'const CoordinateType'，由於類型不同，可能導致資料遺失
          with
          [
              CoordinateType=float
          ]
C:\Users\cnctu\source\repos\VPResearch\VPReserach\Cpp\design.cpp(1154,89): warning C4244: '引數': 將 'double' 轉換為 'const CoordinateType'，由於類型不同，可能導致資料遺失
          with
          [
              CoordinateType=float
          ]
C:\Users\cnctu\source\repos\VPResearch\VPReserach\Cpp\design.cpp(1154,55): warning C4244: '引數': 將 'double' 轉換為 'const CoordinateType'，由於類型不同，可能導致資料遺失
          with
          [
              CoordinateType=float
          ]
C:\Users\cnctu\source\repos\VPResearch\VPReserach\Cpp\design.cpp(1178,108): warning C4244: '引數': 將 'double' 轉換為 'const CoordinateType'，由於類型不同，可能導致資料遺失
          with
          [
              CoordinateType=float
          ]
C:\Users\cnctu\source\repos\VPResearch\VPReserach\Cpp\design.cpp(1178,74): warning C4244: '引數': 將 'double' 轉換為 'const CoordinateType'，由於類型不同，可能導致資料遺失
          with
          [
              CoordinateType=float
          ]
C:\Users\cnctu\source\repos\VPResearch\VPReserach\Cpp\design.cpp(1183,86): warning C4244: '引數': 將 'double' 轉換為 'const CoordinateType'，由於類型不同，可能導致資料遺失
          with
          [
              CoordinateType=float
          ]
C:\Users\cnctu\source\repos\VPResearch\VPReserach\Cpp\design.cpp(1183,41): warning C4244: '引數': 將 'double' 轉換為 'const CoordinateType'，由於類型不同，可能導致資料遺失
          with
          [
              CoordinateType=float
          ]
C:\Users\cnctu\source\repos\VPResearch\VPReserach\Cpp\design.cpp(1293,20): warning C4018: '<': signed/unsigned 不相符
C:\Users\cnctu\source\repos\VPResearch\VPReserach\Cpp\design.cpp(1379,21): warning C4018: '<': signed/unsigned 不相符
C:\Users\cnctu\source\repos\VPResearch\VPReserach\Cpp\design.cpp(1412,20): warning C4018: '<': signed/unsigned 不相符
C:\Users\cnctu\source\repos\VPResearch\VPReserach\Cpp\design.cpp(1444,24): warning C4018: '<': signed/unsigned 不相符
C:\Users\cnctu\source\repos\VPResearch\VPReserach\Cpp\design.cpp(1499,23): warning C4018: '<': signed/unsigned 不相符
C:\Users\cnctu\source\repos\VPResearch\VPReserach\Cpp\design.cpp(1509,24): warning C4018: '<': signed/unsigned 不相符
C:\Users\cnctu\source\repos\VPResearch\VPReserach\Cpp\design.cpp(1573,26): warning C4018: '<': signed/unsigned 不相符
C:\Users\cnctu\source\repos\VPResearch\VPReserach\Cpp\design.cpp(1604,23): warning C4018: '<': signed/unsigned 不相符
C:\Users\cnctu\source\repos\VPResearch\VPReserach\Cpp\design.cpp(1668,21): warning C4018: '<': signed/unsigned 不相符
C:\Users\cnctu\source\repos\VPResearch\VPReserach\Cpp\design.cpp(1673,23): warning C4018: '<': signed/unsigned 不相符
C:\Users\cnctu\source\repos\VPResearch\VPReserach\Cpp\design.cpp(1782,20): warning C4018: '<': signed/unsigned 不相符
C:\Users\cnctu\source\repos\VPResearch\VPReserach\Cpp\design.cpp(1810,21): warning C4018: '<': signed/unsigned 不相符
C:\Users\cnctu\source\repos\VPResearch\VPReserach\Cpp\design.cpp(1830,49): warning C4244: '引數': 將 'double' 轉換為 'const CoordinateType'，由於類型不同，可能導致資料遺失
          with
          [
              CoordinateType=float
          ]
C:\Users\cnctu\source\repos\VPResearch\VPReserach\Cpp\design.cpp(1830,24): warning C4244: '引數': 將 'double' 轉換為 'const CoordinateType'，由於類型不同，可能導致資料遺失
          with
          [
              CoordinateType=float
          ]
C:\Users\cnctu\source\repos\VPResearch\VPReserach\Cpp\design.cpp(1831,41): warning C4244: '引數': 將 'double' 轉換為 'const CoordinateType'，由於類型不同，可能導致資料遺失
          with
          [
              CoordinateType=float
          ]
C:\Users\cnctu\source\repos\VPResearch\VPReserach\Cpp\design.cpp(1831,17): warning C4244: '引數': 將 'double' 轉換為 'const CoordinateType'，由於類型不同，可能導致資料遺失
          with
          [
              CoordinateType=float
          ]
C:\Users\cnctu\source\repos\VPResearch\VPReserach\Cpp\design.cpp(1873,20): warning C4018: '<': signed/unsigned 不相符
C:\Users\cnctu\source\repos\VPResearch\VPReserach\Cpp\design.cpp(1893,23): warning C4244: '引數': 將 'double' 轉換為 'const CoordinateType'，由於類型不同，可能導致資料遺失
          with
          [
              CoordinateType=float
          ]
C:\Users\cnctu\source\repos\VPResearch\VPReserach\Cpp\design.cpp(1893,15): warning C4244: '引數': 將 'double' 轉換為 'const CoordinateType'，由於類型不同，可能導致資料遺失
          with
          [
              CoordinateType=float
          ]
C:\Users\cnctu\source\repos\VPResearch\VPReserach\Cpp\design.cpp(1893,46): warning C4244: '引數': 將 'double' 轉換為 'const CoordinateType'，由於類型不同，可能導致資料遺失
          with
          [
              CoordinateType=float
          ]
C:\Users\cnctu\source\repos\VPResearch\VPReserach\Cpp\design.cpp(1893,38): warning C4244: '引數': 將 'double' 轉換為 'const CoordinateType'，由於類型不同，可能導致資料遺失
          with
          [
              CoordinateType=float
          ]
C:\Users\cnctu\source\repos\VPResearch\VPReserach\Cpp\design.cpp(1925,20): warning C4018: '<': signed/unsigned 不相符
C:\Users\cnctu\source\repos\VPResearch\VPReserach\Cpp\design.cpp(1289): warning C4715: 'design::choose_specify_dir_pin_rect': 不是所有控制路徑都傳回值
C:\Users\cnctu\source\repos\VPResearch\VPReserach\Header\pin.h(63): warning C4715: 'RECT::Point': 不是所有控制路徑都傳回值
  VPReserach.vcxproj -> C:\Users\cnctu\source\repos\VPResearch\Debug\VPReserach.exe
